{"contracts\\CryptoCars.sol":{"l":{"32":1,"33":1,"34":1,"42":21,"44":21,"45":17,"47":4,"52":17,"54":16,"55":16,"56":16,"57":16,"61":4,"62":3,"64":2,"66":2,"67":2,"68":2,"69":1,"71":1,"72":1,"73":1,"75":1,"76":0,"77":0,"78":0,"83":2,"87":2,"89":1,"93":1,"95":1,"99":2,"101":2,"103":1,"105":1},"path":"C:/projects/lime/class/contracts/CryptoCars.sol","s":{"1":1,"2":1,"3":21,"4":21,"5":17,"6":4,"7":17,"8":16,"9":16,"10":4,"11":3,"12":2,"13":2,"14":1,"15":1,"16":1,"17":0,"18":0,"19":0,"20":2,"21":2,"22":1,"23":1,"24":1,"25":2,"26":2,"27":1},"b":{"1":[1,0],"2":[17,4],"3":[16,1],"4":[3,1],"5":[2,1],"6":[0,1],"7":[1,1],"8":[1,1]},"f":{"1":1,"2":21,"3":17,"4":4,"5":2,"6":2,"7":1,"8":2},"fnMap":{"1":{"name":"onlyAvailableCars","line":31,"loc":{"start":{"line":31,"column":4},"end":{"line":31,"column":42}}},"2":{"name":"buy","line":41,"loc":{"start":{"line":41,"column":4},"end":{"line":41,"column":46}}},"3":{"name":"buyForUs","line":51,"loc":{"start":{"line":51,"column":4},"end":{"line":51,"column":97}}},"4":{"name":"buyFromUs","line":60,"loc":{"start":{"line":60,"column":4},"end":{"line":60,"column":98}}},"5":{"name":"getUserCars","line":82,"loc":{"start":{"line":82,"column":4},"end":{"line":82,"column":69}}},"6":{"name":"getUserCar","line":86,"loc":{"start":{"line":86,"column":4},"end":{"line":86,"column":83}}},"7":{"name":"whoOwnsTheCar","line":92,"loc":{"start":{"line":92,"column":4},"end":{"line":92,"column":101}}},"8":{"name":"withdraw","line":98,"loc":{"start":{"line":98,"column":4},"end":{"line":98,"column":38}}}},"statementMap":{"1":{"start":{"line":32,"column":8},"end":{"line":32,"column":43}},"2":{"start":{"line":33,"column":8},"end":{"line":33,"column":70}},"3":{"start":{"line":42,"column":8},"end":{"line":42,"column":49}},"4":{"start":{"line":44,"column":8},"end":{"line":44,"column":1042}},"5":{"start":{"line":45,"column":12},"end":{"line":45,"column":66}},"6":{"start":{"line":47,"column":12},"end":{"line":47,"column":67}},"7":{"start":{"line":52,"column":8},"end":{"line":52,"column":55}},"8":{"start":{"line":54,"column":8},"end":{"line":54,"column":98}},"9":{"start":{"line":57,"column":8},"end":{"line":57,"column":76}},"10":{"start":{"line":61,"column":8},"end":{"line":61,"column":71}},"11":{"start":{"line":62,"column":8},"end":{"line":62,"column":103}},"12":{"start":{"line":64,"column":8},"end":{"line":64,"column":50}},"13":{"start":{"line":66,"column":8},"end":{"line":66,"column":98}},"14":{"start":{"line":69,"column":8},"end":{"line":69,"column":76}},"15":{"start":{"line":72,"column":8},"end":{"line":72,"column":69}},"16":{"start":{"line":75,"column":8},"end":{"line":75,"column":2510}},"17":{"start":{"line":76,"column":12},"end":{"line":76,"column":95}},"18":{"start":{"line":77,"column":12},"end":{"line":77,"column":74}},"19":{"start":{"line":78,"column":12},"end":{"line":78,"column":59}},"20":{"start":{"line":83,"column":8},"end":{"line":83,"column":38}},"21":{"start":{"line":87,"column":8},"end":{"line":87,"column":78}},"22":{"start":{"line":89,"column":8},"end":{"line":89,"column":44}},"23":{"start":{"line":93,"column":8},"end":{"line":93,"column":43}},"24":{"start":{"line":95,"column":8},"end":{"line":95,"column":61}},"25":{"start":{"line":99,"column":8},"end":{"line":99,"column":46}},"26":{"start":{"line":101,"column":8},"end":{"line":101,"column":52}},"27":{"start":{"line":105,"column":8},"end":{"line":105,"column":40}}},"branchMap":{"1":{"line":33,"type":"if","locations":[{"start":{"line":33,"column":8},"end":{"line":33,"column":8}},{"start":{"line":33,"column":8},"end":{"line":33,"column":8}}]},"2":{"line":44,"type":"if","locations":[{"start":{"line":44,"column":8},"end":{"line":44,"column":8}},{"start":{"line":44,"column":8},"end":{"line":44,"column":8}}]},"3":{"line":52,"type":"if","locations":[{"start":{"line":52,"column":8},"end":{"line":52,"column":8}},{"start":{"line":52,"column":8},"end":{"line":52,"column":8}}]},"4":{"line":61,"type":"if","locations":[{"start":{"line":61,"column":8},"end":{"line":61,"column":8}},{"start":{"line":61,"column":8},"end":{"line":61,"column":8}}]},"5":{"line":62,"type":"if","locations":[{"start":{"line":62,"column":8},"end":{"line":62,"column":8}},{"start":{"line":62,"column":8},"end":{"line":62,"column":8}}]},"6":{"line":75,"type":"if","locations":[{"start":{"line":75,"column":8},"end":{"line":75,"column":8}},{"start":{"line":75,"column":8},"end":{"line":75,"column":8}}]},"7":{"line":87,"type":"if","locations":[{"start":{"line":87,"column":8},"end":{"line":87,"column":8}},{"start":{"line":87,"column":8},"end":{"line":87,"column":8}}]},"8":{"line":101,"type":"if","locations":[{"start":{"line":101,"column":8},"end":{"line":101,"column":8}},{"start":{"line":101,"column":8},"end":{"line":101,"column":8}}]}}},"contracts\\LimeFactory.sol":{"l":{"17":0,"18":0},"path":"C:/projects/lime/class/contracts/LimeFactory.sol","s":{"1":0},"b":{},"f":{"1":0},"fnMap":{"1":{"name":"createLime","line":16,"loc":{"start":{"line":16,"column":4},"end":{"line":16,"column":94}}}},"statementMap":{"1":{"start":{"line":18,"column":8},"end":{"line":18,"column":29}}},"branchMap":{}}}